2025-08-01 11:29:54,149 - TheGardener - INFO - The Gardener initialized - Protocol 37 active
2025-08-01 11:29:54,149 - TheGardener - INFO - Beginning training - Target timesteps: 5000
2025-08-01 11:31:26,469 - TheGardener - INFO - The Gardener initialized - Protocol 37 active
2025-08-01 11:31:26,469 - TheGardener - INFO - Beginning training - Target timesteps: 5000
2025-08-01 11:32:20,539 - TheGardener - INFO - The Gardener initialized - Protocol 37 active
2025-08-01 11:32:20,539 - TheGardener - INFO - Beginning training - Target timesteps: 5000
2025-08-01 11:34:11,843 - TheGardener - INFO - The Gardener initialized - Protocol 37 active
2025-08-01 11:34:11,843 - TheGardener - INFO - Beginning training - Target timesteps: 1000
2025-08-01 11:35:22,641 - TheGardener - INFO - The Gardener initialized - Protocol 37 active
2025-08-01 11:35:22,641 - TheGardener - INFO - Beginning training - Target timesteps: 1000
2025-08-01 11:35:28,569 - TheGardener - INFO - Model saved to /Users/richardfremmerlid/Projects/Project_Sanctuary/gardener/models/gardener_model_1000.zip
2025-08-01 11:35:28,577 - TheGardener - INFO - Evaluating performance over 5 episodes
2025-08-01 11:35:29,245 - TheGardener - INFO - Checkpoint saved to /Users/richardfremmerlid/Projects/Project_Sanctuary/gardener/models/checkpoint_bootstrap_training
2025-08-01 11:36:34,890 - TheGardener - INFO - The Gardener initialized - Protocol 37 active
2025-08-01 11:36:34,890 - TheGardener - INFO - Beginning training - Target timesteps: 10000
2025-08-01 11:36:59,920 - TheGardener - INFO - Model saved to /Users/richardfremmerlid/Projects/Project_Sanctuary/gardener/models/gardener_model_10000.zip
2025-08-01 11:36:59,929 - TheGardener - INFO - Evaluating performance over 5 episodes
2025-08-01 11:37:00,626 - TheGardener - INFO - Checkpoint saved to /Users/richardfremmerlid/Projects/Project_Sanctuary/gardener/models/checkpoint_bootstrap_training
2025-08-01 11:38:00,105 - TheGardener - INFO - The Gardener initialized - Protocol 37 active
2025-08-01 11:38:00,124 - TheGardener - INFO - Model loaded from: /Users/richardfremmerlid/Projects/Project_Sanctuary/gardener/models/gardener_latest.zip
2025-08-01 11:38:00,124 - TheGardener - INFO - Evaluating performance over 10 episodes
2025-08-01 11:40:18,902 - TheGardener - INFO - The Gardener initialized - Protocol 37 active
2025-08-01 11:40:18,902 - TheGardener - INFO - Proposing improvement - Type: autonomous_enhancement, Target: None
2025-08-01 11:41:50,572 - TheGardener - INFO - The Gardener initialized - Protocol 37 active
2025-08-01 11:41:50,572 - TheGardener - INFO - Proposing improvement - Type: autonomous_enhancement, Target: None
2025-08-01 11:43:13,611 - TheGardener - INFO - The Gardener initialized - Protocol 37 active
2025-08-01 11:43:13,611 - TheGardener - INFO - Beginning training - Target timesteps: 5000
2025-08-01 11:43:24,096 - TheGardener - INFO - Model saved to /Users/richardfremmerlid/Projects/Project_Sanctuary/gardener/models/gardener_model_5000.zip
2025-08-01 11:43:24,100 - TheGardener - INFO - Evaluating performance over 5 episodes
2025-08-01 11:43:24,617 - TheGardener - INFO - Checkpoint saved to /Users/richardfremmerlid/Projects/Project_Sanctuary/gardener/models/checkpoint_bootstrap_training
2025-08-01 11:43:41,538 - TheGardener - INFO - The Gardener initialized - Protocol 37 active
2025-08-01 11:43:41,538 - TheGardener - INFO - Proposing improvement - Type: autonomous_enhancement, Target: None
2025-08-01 11:44:33,213 - TheGardener - INFO - The Gardener initialized - Protocol 37 active
2025-08-01 11:44:33,213 - TheGardener - INFO - Proposing improvement - Type: autonomous_enhancement, Target: None
2025-08-01 11:45:30,473 - TheGardener - INFO - The Gardener initialized - Protocol 37 active
2025-08-01 11:45:30,473 - TheGardener - INFO - Proposing improvement - Type: autonomous_enhancement, Target: None
2025-08-01 11:46:06,633 - TheGardener - INFO - The Gardener initialized - Protocol 37 active
2025-08-01 11:46:06,633 - TheGardener - INFO - Proposing improvement - Type: autonomous_enhancement, Target: None
2025-08-01 12:08:13,156 - TheGardener - INFO - The Gardener initialized - Protocol 37 active
2025-08-01 12:08:13,156 - TheGardener - INFO - Beginning training - Target timesteps: 100000
2025-08-01 12:10:50,841 - TheGardener - INFO - Model saved to /Users/richardfremmerlid/Projects/Project_Sanctuary/gardener/models/gardener_model_100000.zip
2025-08-01 12:10:50,846 - TheGardener - INFO - Evaluating performance over 5 episodes
2025-08-01 12:10:51,368 - TheGardener - INFO - Checkpoint saved to /Users/richardfremmerlid/Projects/Project_Sanctuary/gardener/models/checkpoint_bootstrap_training
2025-08-01 12:18:04,196 - TheGardener - INFO - The Gardener initialized - Protocol 37 active
2025-08-01 12:18:04,196 - TheGardener - INFO - Proposing improvement - Type: autonomous_enhancement, Target: None
2025-08-01 12:29:43,043 - TheGardener - INFO - The Gardener initialized - Protocol 37 active
2025-08-01 12:29:43,043 - TheGardener - INFO - Proposing improvement - Type: autonomous_enhancement, Target: None
